2025-11-04 14:24:51.285 [info] [main] Log level: Info
2025-11-04 14:24:51.285 [info] [main] Validating found git in: "git"
2025-11-04 14:24:51.285 [info] [main] Using git "2.43.0" from "git"
2025-11-04 14:24:51.285 [info] [Model][doInitialScan] Initial repository scan started
2025-11-04 14:24:51.285 [info] [Model][doInitialScan] Initial repository scan completed - repositories (0), closed repositories (0), parent repositories (0), unsafe repositories (0)
2025-11-04 14:25:15.910 [info] > git rev-parse --show-toplevel [4ms]
2025-11-04 14:25:15.910 [info] fatal: not a git repository (or any of the parent directories): .git
2025-11-04 14:25:26.103 [info] > git rev-parse --show-toplevel [2ms]
2025-11-04 14:25:26.103 [info] fatal: not a git repository (or any of the parent directories): .git
2025-11-04 14:26:19.792 [info] > git rev-parse --show-toplevel [3ms]
2025-11-04 14:26:19.792 [info] fatal: not a git repository (or any of the parent directories): .git
2025-11-04 14:26:22.270 [info] > git rev-parse --show-toplevel [1ms]
2025-11-04 14:26:22.270 [info] fatal: not a git repository (or any of the parent directories): .git
2025-11-04 14:26:23.648 [info] > git rev-parse --show-toplevel [3ms]
2025-11-04 14:26:23.649 [info] fatal: not a git repository (or any of the parent directories): .git
2025-11-04 14:26:25.018 [info] > git rev-parse --show-toplevel [1ms]
2025-11-04 14:26:25.018 [info] fatal: not a git repository (or any of the parent directories): .git
2025-11-04 14:27:08.002 [info] > git rev-parse --show-toplevel [2ms]
2025-11-04 14:27:08.002 [info] fatal: not a git repository (or any of the parent directories): .git
2025-11-04 14:27:08.800 [info] > git rev-parse --show-toplevel [2ms]
2025-11-04 14:27:08.800 [info] fatal: not a git repository (or any of the parent directories): .git
2025-11-04 14:29:12.344 [info] > git rev-parse --show-toplevel [2ms]
2025-11-04 14:29:12.345 [info] fatal: not a git repository (or any of the parent directories): .git
